Arguments: 
  /home/arthur/.nvm/versions/node/v9.11.2/bin/node /home/arthur/.nvm/versions/node/v9.11.2/bin/yarn add @emotion/core

PATH: 
  /home/arthur/.autojump/bin:/home/arthur/.nvm/versions/node/v9.11.2/bin:/usr/local/bin:/usr/local/sbin:/usr/bin:/usr/lib/jvm/default/bin:/usr/bin/site_perl:/usr/bin/vendor_perl:/usr/bin/core_perl:/home/arthur/.yarn/bin

Yarn version: 
  1.16.0

Node version: 
  9.11.2

Platform: 
  linux x64

Trace: 
  Error: https://registry.yarnpkg.com/date-fns/-/date-fns-2.1.0.tgz: ESOCKETTIMEDOUT
      at ClientRequest.<anonymous> (/home/arthur/.nvm/versions/node/v9.11.2/lib/node_modules/yarn/lib/cli.js:130217:19)
      at Object.onceWrapper (events.js:272:13)
      at ClientRequest.emit (events.js:180:13)
      at TLSSocket.emitTimeout (_http_client.js:703:34)
      at Object.onceWrapper (events.js:272:13)
      at TLSSocket.emit (events.js:180:13)
      at TLSSocket.Socket._onTimeout (net.js:396:8)
      at ontimeout (timers.js:466:11)
      at tryOnTimeout (timers.js:304:5)
      at Timer.listOnTimeout (timers.js:267:5)

npm manifest: 
  {
    "name": "pet-ui",
    "version": "0.1.0",
    "private": true,
    "homepage": "/pet",
    "dependencies": {
      "@date-io/date-fns": "^1.3.9",
      "axios": "^0.19.0",
      "date-fns": "^2.0.1",
      "draft-js": "^0.10.5",
      "draftjs-to-html": "^0.8.4",
      "html-to-draftjs": "^1.4.0",
      "jquery": "^3.4.1",
      "jquery-slimscroll": "^1.3.8",
      "materialize-css": "^1.0.0",
      "node-sass": "^4.12.0",
      "prop-types": "^15.7.2",
      "quill": "^1.3.7",
      "ra-data-json-server": "^2.9.6",
      "ra-data-simple-rest": "^2.9.6",
      "ra-input-rich-text": "^2.9.3",
      "ra-language-portuguese": "^1.5.1",
      "react": "^16.9.0",
      "react-admin": "^2.9.6",
      "react-admin-date-inputs": "^1.1.2",
      "react-admin-loopback": "^1.0.6",
      "react-clipboard.js": "^2.0.13",
      "react-dom": "^16.9.0",
      "react-draft-wysiwyg": "^1.13.2",
      "react-favicon": "0.0.17",
      "react-materialize": "^3.3.5",
      "react-qr-reader": "^2.2.1",
      "react-quill": "^1.3.3",
      "react-responsive-carousel": "^3.1.50",
      "react-router": "^5.0.1",
      "react-router-dom": "^5.0.1",
      "react-rte": "^0.16.1",
      "react-scripts": "3.0.0",
      "react-spinners": "^0.6.1",
      "rodal": "^1.6.3",
      "styled-components": "^4.3.2",
      "sweetalert2": "^8.17.1"
    },
    "scripts": {
      "start": "react-scripts start",
      "build": "react-scripts build",
      "test": "react-scripts test",
      "eject": "react-scripts eject"
    },
    "eslintConfig": {
      "extends": "react-app"
    },
    "browserslist": {
      "production": [
        ">0.2%",
        "not dead",
        "not op_mini all"
      ],
      "development": [
        "last 1 chrome version",
        "last 1 firefox version",
        "last 1 safari version"
      ]
    }
  }

yarn manifest: 
  No manifest

Lockfile: 
  No lockfile
